00:00:00.389134 VirtualBox GUI VM Selector Window 7.0.18 r162988 linux.amd64 (May  2 2024 10:54:51) release log
00:00:00.389135 Log opened 2024-05-09T16:35:22.544896000Z
00:00:00.389136 Build Type: release
00:00:00.389139 OS Product: Linux
00:00:00.389140 OS Release: 6.7.12-amd64
00:00:00.389140 OS Version: #1 SMP PREEMPT_DYNAMIC Debian 6.7.12-1 (2024-04-24)
00:00:00.389165 DMI Product Name: OMEN by HP Laptop 16-c0xxx
00:00:00.389173 DMI Product Version: 
00:00:00.389180 Firmware type: UEFI
00:00:00.389253 Secure Boot: Disabled
00:00:00.389286 Host RAM: 31441MB (30.7GB) total, 27920MB (27.2GB) available
00:00:00.389289 Executable: /usr/lib/virtualbox/VirtualBox
00:00:00.389289 Process ID: 112468
00:00:00.389289 Package type: LINUX_64BITS_DEBIAN_12_0
00:00:00.389310 Qt version: 5.15.10
00:00:00.389643 GUI: UIMediumEnumerator: Initial medium-enumeration finished!
00:00:00.402858 GUI: UIMediumEnumerator: Medium-enumeration started...
00:00:00.747915 GUI: UIDesktopWidgetWatchdog::sltHandleHostScreenAvailableGeometryCalculated: Screen 0 work area is actually resized to: 0x38 x 1920x1042
00:00:00.757461 GUI: UIMediumEnumerator: Medium-enumeration finished!
00:00:13.933971 GUI: UICommon: Handling aboutToQuit request..
00:00:15.216936 GUI: UICommon: aboutToQuit request handled!
