00:00:00.000360 main     VirtualBox XPCOM Server 7.0.18 r162988 linux.amd64 (May  2 2024 10:54:51) release log
00:00:00.000362 main     Log opened 2024-05-09T16:35:22.384622000Z
00:00:00.000363 main     Build Type: release
00:00:00.000365 main     OS Product: Linux
00:00:00.000366 main     OS Release: 6.7.12-amd64
00:00:00.000366 main     OS Version: #1 SMP PREEMPT_DYNAMIC Debian 6.7.12-1 (2024-04-24)
00:00:00.000384 main     DMI Product Name: OMEN by HP Laptop 16-c0xxx
00:00:00.000390 main     DMI Product Version: 
00:00:00.000396 main     Firmware type: UEFI
00:00:00.000497 main     Secure Boot: Disabled
00:00:00.000531 main     Host RAM: 31441MB (30.7GB) total, 27906MB (27.2GB) available
00:00:00.000534 main     Executable: /usr/lib/virtualbox/VBoxSVC
00:00:00.000535 main     Process ID: 112519
00:00:00.000535 main     Package type: LINUX_64BITS_DEBIAN_12_0
00:00:00.001369 main     IPC socket path: /tmp/.vbox-dolphin-ipc/ipcd
00:00:00.103910 nspr-2   VirtualBox: object creation starts
00:00:00.104006 nspr-2   Home directory: '/home/dolphin/.config/VirtualBox'
00:00:00.113550 nspr-2   Loading settings file "/home/dolphin/.config/VirtualBox/VirtualBox.xml" with version "1.12-linux"
00:00:00.128091 nspr-2   NetIfAdpCtlOut: VBoxNetAdpCtl: Error while retrieving link speed for wlo1: VBoxNetAdpCtl: ioctl failed: Operation not supported
00:00:00.129041 nspr-2   HostDnsMonitor: initializing
00:00:00.129230 nspr-2   NAT: resolv.conf: nameserver 89.101.160.5
00:00:00.129236 nspr-2   NAT: resolv.conf: nameserver 89.101.160.4
00:00:00.129245 nspr-2   HostDnsMonitor: updating information
00:00:00.129254 nspr-2   HostDnsMonitor: old information
00:00:00.129255 nspr-2     no server entries
00:00:00.129257 nspr-2     no domain set
00:00:00.129258 nspr-2     no search string entries
00:00:00.129260 nspr-2   HostDnsMonitor: new information
00:00:00.129261 nspr-2     server 1: 89.101.160.5
00:00:00.129263 nspr-2     server 2: 89.101.160.4
00:00:00.129264 nspr-2     domain: home
00:00:00.129266 nspr-2     search string 1: home
00:00:00.131461 nspr-2   VD: VDInit finished with VINF_SUCCESS
00:00:00.132737 nspr-2   Loading settings file "/home/dolphin/VirtualBox VMs/EthicalHacking/EthicalHacking.vbox" with version "1.19-linux"
00:00:00.133247 nspr-2   VirtualBox: object created
00:00:00.164914 nspr-4   Saving settings file "/home/dolphin/.config/VirtualBox/VirtualBox.xml" with version "1.12-linux"
00:00:00.167007 nspr-4   Finished saving settings file "/home/dolphin/.config/VirtualBox/VirtualBox.xml"
00:00:00.167108 nspr-4   Saving settings file "/home/dolphin/.config/VirtualBox/VirtualBox.xml" with version "1.12-linux"
00:00:00.168421 nspr-4   Finished saving settings file "/home/dolphin/.config/VirtualBox/VirtualBox.xml"
00:00:00.168530 nspr-4   Saving settings file "/home/dolphin/.config/VirtualBox/VirtualBox.xml" with version "1.12-linux"
00:00:00.169810 nspr-4   Finished saving settings file "/home/dolphin/.config/VirtualBox/VirtualBox.xml"
00:00:00.531280 nspr-4   WARNING [COM]: aRC=NS_ERROR_FAILURE (0x80004005) aIID={e54f6256-97a7-4947-8a78-10c013ddf4b8} aComponent={HostWrap} aText={VirtualBox is not currently allowed to access USB devices.  You can change this by adding your user to the 'vboxusers' group.  Please see the user manual for a more detailed explanation}, preserve=true aResultDetail=0
00:00:00.532231 nspr-4   WARNING [COM]: aRC=NS_ERROR_FAILURE (0x80004005) aIID={e54f6256-97a7-4947-8a78-10c013ddf4b8} aComponent={HostWrap} aText={VirtualBox is not currently allowed to access USB devices.  You can change this by adding your user to the 'vboxusers' group.  Please see the user manual for a more detailed explanation}, preserve=false aResultDetail=0
00:00:00.592164 nspr-4   ERROR [COM]: aRC=VBOX_E_INVALID_VM_STATE (0x80bb0002) aIID={300763af-5d6b-46e6-aa96-273eac15538a} aComponent={MachineWrap} aText={The machine is not mutable (state is PoweredOff)}, preserve=false aResultDetail=0
00:00:00.721504 nspr-3   WARNING [COM]: aRC=NS_ERROR_FAILURE (0x80004005) aIID={e54f6256-97a7-4947-8a78-10c013ddf4b8} aComponent={HostWrap} aText={VirtualBox is not currently allowed to access USB devices.  You can change this by adding your user to the 'vboxusers' group.  Please see the user manual for a more detailed explanation}, preserve=true aResultDetail=0
00:00:00.722160 nspr-3   WARNING [COM]: aRC=NS_ERROR_FAILURE (0x80004005) aIID={e54f6256-97a7-4947-8a78-10c013ddf4b8} aComponent={HostWrap} aText={VirtualBox is not currently allowed to access USB devices.  You can change this by adding your user to the 'vboxusers' group.  Please see the user manual for a more detailed explanation}, preserve=true aResultDetail=0
00:00:00.935258 nspr-3   Saving settings file "/home/dolphin/.config/VirtualBox/VirtualBox.xml" with version "1.12-linux"
00:00:00.946324 nspr-3   Finished saving settings file "/home/dolphin/.config/VirtualBox/VirtualBox.xml"
00:00:19.972947 main     VirtualBox: object deletion starts
00:00:19.973013 main     ERROR [COM]: aRC=VBOX_E_OBJECT_IN_USE (0x80bb000c) aIID={ad47ad09-787b-44ab-b343-a082a3f2dfb1} aComponent={MediumWrap} aText={Medium '/home/dolphin/VirtualBox VMs/EthicalHacking/EthicalHacking-disk001.vdi' cannot be closed because it is still attached to 1 virtual machines}, preserve=false aResultDetail=0
00:00:19.973631 main     HostDnsMonitor: shutting down ...
00:00:19.992415 main     HostDnsMonitor: shut down
00:00:20.003363 Watcher  ERROR [COM]: aRC=E_ACCESSDENIED (0x80070005) aIID={7682d5eb-f00e-44f1-8ca2-99d08b1cd607} aComponent={VirtualBoxWrap} aText={The object is not ready}, preserve=false aResultDetail=0
00:00:20.003476 main     VirtualBox: object deleted
