[18943][1698228872914][main][info]["Booting Postman 10.19.7, linux-6.5.0-2-amd64 on x64"]
[18943][1698228872916][main][info]["EventBus~initialize - Success"]
[18943][1698228872917][main][info]["Proxy configuration has not been setup"]
[18943][1698228872918][main][info]["CloudProxyManager~init - Success"]
[18943][1698228872921][main][info]["performShellDataMigration: Starting shell data migration"]
[18943][1698228872921][main][info]["migrateShellData:Starting"]
[18943][1698228872931][main][info]["migrateShellData: Old storage cleaned up"]
[18943][1698228873953][main][info]["migrateShellData: Got data from shell. Writing to storage"]
[18943][1698228873966][main][info]["performShellDataMigration: Migration successful on try count 1"]
[18943][1698228873971][main][info]["UpdateHandler~init - Success"]
[18943][1698228873973][main][info]["LeaderSelection: Initialized successfully"]
[18943][1698228873974][main][info]["VersionDependencyService: Initialized successfully"]
[18943][1698228873981][main][info]["Generated root certificate for linux"]
[18943][1698228873982][main][info]["LinuxAutoUpdater~Cleanup - Initial cleanup successful"]
[18943][1698228873996][main][info]["GPU detected VID 4098 DID 5688 ACTIVE true"]
[18943][1698228873997][main][info]["GPU detected VID 4098 DID 29695 ACTIVE false"]
[18943][1698228874011][main][info]["shellController~init: Success"]
[18943][1698228874014][main][info]["shellMeta~init: Success"]
[18943][1698228874015][main][info]["partitionMigrationService: State of V7 partition:"]
[18943][1698228874015][main][info]["partitionMigrationService: V7 partitions",[]]
[18943][1698228874015][main][info]["partitionMigrationService~rectifyNamespaceOfScratchPadPartition: There is no partition with scratchpad namespace"]
[18943][1698228874015][main][info]["partitionMigrationService~rectifyNamespaceOfScratchPadPartition: There is no transit partition which could have been used for scratchpad"]
[18943][1698228874015][main][info]["partitionMigrationService~init: Success"]
[18943][1698228874021][main][info]["partitionMigrationService~runV8PartitionsIntegrity: Two way migration~ removing the following partitions from v8",[]]
[18943][1698228874024][main][info]["userPartitionService~_rectifyTheActivePartitionOfApplication: Setting the active partition to ",null]
[18943][1698228874030][main][info]["userPartitionService~init: Success"]
[18943][1698228874038][main][info]["userPartitionService: State of v8 partition system:"]
[18943][1698228874040][main][info]["shell~init~getPartitionToLoad: loading scratchpad partition"]
[18943][1698228874041][main][info]["userPartitionService: List of partitions:",[]]
[18943][1698228874041][main][info]["userPartitionService: users global meta:",{}]
[18943][1698228874393][main][info]["proxyCertificateService~ensureRootCAPresence: Deleting and creating new certificates"]
[18943][1698228875606][main][info]["RuntimeIPCAgent~started: Success"]
[18943][1698228875885][main][info]["Main~scratchpadThemeAction:: action: set, value: light"]
[18943][1698228875887][main][info]["Main~scratchpadThemeAction:: action: set, value: light"]
[18943][1698228875888][main][info]["Main~scratchpadThemeAction:: action: set, value: light"]
[18943][1698228875901][main][info]["UpdateHandler~app-update-events - Received event",{"name":"checkForElectronVersionUpdated","namespace":"appUpdate"}]
[18943][1698228875907][main][info]["windowManager: First requester booted successfully."]
[18943][1698228875908][main][info]["windowManager~restoreWindows: Restoring requester windows"]
[18943][1698228875908][main][info]["Main~AppEvents - Received booted event for process requester.Version undefined UI Version: undefined Desktop Platform Version: 10.19.7"]
[18943][1698228880020][main][info]["VersionDependencyService: Resetting UI version as user logged out/switched account"]
[18943][1698228880020][main][info]["Main - model-events~user - (users, add) received"]
[18943][1698228923931][main][info]["Shell~init~loginUser: associating the user ","30694862"," with transit partition"]
[18943][1698228923932][main][info]["userPartitionService~getNewPartitionId: creating a partition with userId and teamId as 0"]
[18943][1698228923944][main][info]["userPartitionService~associateTransitPartition: ",{"partitionId":"9cb5c7d0-2632-4d85-8996-58712e395702","context":{"namespace":"users","userId":"30694862","teamId":"0"}}]
[18943][1698228923954][main][info]["userPartitionService: State of v8 partition system:"]
[18943][1698228923957][main][info]["userPartitionService: List of partitions:",[{"partitionId":"9cb5c7d0-2632-4d85-8996-58712e395702","namespace":"users","userId":"30694862","teamId":"0","lastUpdated":"2023-10-25T10:15:23.944Z"},{"partitionId":"f5fcac10-e4cc-4737-bee6-d9f7a7e77e5c","namespace":"scratchPad","userId":0,"teamId":0,"isDirty":false}]]
[18943][1698228923957][main][info]["userPartitionService: users global meta:",{}]
[18943][1698228926688][main][info]["Main~getRemoteInitPath:: "]
[18943][1698228926843][main][info]["Main - model-events~user - (user, update) received"]
[18943][1698228926844][main][info]["Main~reload: https://desktop.postman.com/?desktopVersion=10.19.7&userId=30694862&teamId=0"]
[18943][1698228928508][main][info]["Main~getRemoteInitPath:: "]
[18943][1698228928724][main][info]["Main - model-events~user - (user, update) received"]
[18943][1698228928967][main][info]["UpdateHandler~app-update-events - Received event",{"name":"checkForElectronVersionUpdated","namespace":"appUpdate"}]
[18943][1698228928980][main][info]["windowManager: First requester booted successfully."]
[18943][1698228928980][main][info]["windowManager~restoreWindows: Restoring requester windows"]
[18943][1698228928980][main][info]["Main~AppEvents - Received booted event for process requester.Version 10.19.7 UI Version: 10.19.7-ui-231020-0706 Desktop Platform Version: 10.19.7"]
[18943][1698228929062][main][info]["Main~getRemoteInitPath:: "]
[18943][1698228929212][main][info]["Main~getPlatformLaunchPerfMetrics"]
[18943][1698228930571][main][info]["INTERCEPTOR CONNECTIVITY: Attempting to start websocket server on port 15611"]
[18943][1698228930958][main][info]["Main - model-events~user - (user, bootstrapUser) received"]
[18943][1698228930958][main][info]["model-events~user - bootstrapUser received"]
[18943][1698228930966][main][info]["userPartitionService~associateTransitPartition: ",{"partitionId":"9cb5c7d0-2632-4d85-8996-58712e395702","context":{"namespace":"users","userId":"30694862","teamId":"0"}}]
[18943][1698228930979][main][info]["userPartitionService: State of v8 partition system:"]
[18943][1698228930982][main][info]["userPartitionService: List of partitions:",[{"partitionId":"9cb5c7d0-2632-4d85-8996-58712e395702","namespace":"users","userId":"30694862","teamId":"0","lastUpdated":"2023-10-25T10:15:30.966Z"},{"partitionId":"f5fcac10-e4cc-4737-bee6-d9f7a7e77e5c","namespace":"scratchPad","userId":0,"teamId":0,"isDirty":false}]]
[18943][1698228930982][main][info]["userPartitionService: users global meta:",{}]
[18943][1698228931233][main][info]["Main - model-events~user - (user, bootstrapUser) received"]
[18943][1698228931233][main][info]["model-events~user - bootstrapUser received"]
[18943][1698228931244][main][info]["userPartitionService~associateTransitPartition: ",{"partitionId":"9cb5c7d0-2632-4d85-8996-58712e395702","context":{"namespace":"users","userId":"30694862","teamId":"0"}}]
[18943][1698228931253][main][info]["userPartitionService: State of v8 partition system:"]
[18943][1698228931256][main][info]["userPartitionService: List of partitions:",[{"partitionId":"9cb5c7d0-2632-4d85-8996-58712e395702","namespace":"users","userId":"30694862","teamId":"0","lastUpdated":"2023-10-25T10:15:31.244Z"},{"partitionId":"f5fcac10-e4cc-4737-bee6-d9f7a7e77e5c","namespace":"scratchPad","userId":0,"teamId":0,"isDirty":false}]]
[18943][1698228931256][main][info]["userPartitionService: users global meta:",{}]
[18943][1698236130073][main][info]["WindowManager~closeHandler - Closed Window (id: 4 )"]
[18943][1698236130078][main][error]["Main~handleUncaughtError - Uncaught errors",{"name":"TypeError","message":"Cannot read properties of undefined (reading 'send')","stack":"TypeError: Cannot read properties of undefined (reading 'send')\n    at Object.sendMessageToInterceptor (/home/dolphin/Downloads/Postman/app/resources/app/services/websocketServer.js:144:10)\n    at Object.requesterWindowHandler (/home/dolphin/Downloads/Postman/app/resources/app/services/websocketServer.js:389:14)\n    at EventEmitter.emit (node:events:402:35)\n    at EventEmitter.emit (node:domain:475:12)\n    at _dispatch (/home/dolphin/Downloads/Postman/app/resources/app/common/_event-bus.js:256:14)\n    at EventBus._publish (/home/dolphin/Downloads/Postman/app/resources/app/common/_event-bus.js:207:9)\n    at Object.closedHandler (/home/dolphin/Downloads/Postman/app/resources/app/services/windowManager.js:1072:18)\n    at BrowserWindow.emit (node:events:390:28)\n    at BrowserWindow.emit (node:domain:475:12)"}]
[6630][1698924733080][main][info]["Booting Postman 10.19.7, linux-6.5.0-3-amd64 on x64"]
[6630][1698924733082][main][info]["EventBus~initialize - Success"]
[6630][1698924733083][main][info]["Proxy configuration has not been setup"]
[6630][1698924733084][main][info]["CloudProxyManager~init - Success"]
[6630][1698924733100][main][info]["performShellDataMigration: Migration has already been done. Bailing out"]
[6630][1698924733105][main][info]["UpdateHandler~init - Success"]
[6630][1698924733106][main][info]["LeaderSelection: Initialized successfully"]
[6630][1698924733107][main][info]["VersionDependencyService: Initialized successfully"]
[6630][1698924733112][main][info]["LinuxAutoUpdater~Cleanup - Initial cleanup successful"]
[6630][1698924734032][main][info]["GPU detected VID 4098 DID 5688 ACTIVE true"]
[6630][1698924734033][main][info]["GPU detected VID 4098 DID 29695 ACTIVE false"]
[6630][1698924734051][main][info]["shellController~init: Success"]
[6630][1698924734054][main][info]["shellMeta~init: Success"]
[6630][1698924734054][main][info]["partitionMigrationService: State of V7 partition:"]
[6630][1698924734055][main][info]["partitionMigrationService: V7 partitions",[]]
[6630][1698924734055][main][info]["partitionMigrationService~rectifyNamespaceOfScratchPadPartition: There is no partition with scratchpad namespace"]
[6630][1698924734055][main][info]["partitionMigrationService~rectifyNamespaceOfScratchPadPartition: There is no transit partition which could have been used for scratchpad"]
[6630][1698924734055][main][info]["partitionMigrationService~init: Success"]
[6630][1698924734063][main][info]["partitionMigrationService~runV8PartitionsIntegrity: Two way migration~ removing the following partitions from v8",[]]
[6630][1698924734066][main][info]["userPartitionService~getRecentV8UserPartition: recent v8 user context partition ","9cb5c7d0-2632-4d85-8996-58712e395702"]
[6630][1698924734066][main][info]["userPartitionService~_rectifyTheActivePartitionOfApplication: Setting the active partition to ","9cb5c7d0-2632-4d85-8996-58712e395702"]
[6630][1698924734070][main][info]["userPartitionService~init: Success"]
[6630][1698924734080][main][info]["userPartitionService: State of v8 partition system:"]
[6630][1698924734082][main][info]["shell~init~getPartitionToLoad: loading active partition"]
[6630][1698924734083][main][info]["userPartitionService: List of partitions:",[{"partitionId":"9cb5c7d0-2632-4d85-8996-58712e395702","namespace":"users","userId":"30694862","teamId":"0","lastUpdated":"2023-10-25T10:15:31.244Z"},{"partitionId":"f5fcac10-e4cc-4737-bee6-d9f7a7e77e5c","namespace":"scratchPad","userId":0,"teamId":0,"isDirty":false}]]
[6630][1698924734083][main][info]["userPartitionService: users global meta:",{}]
[6630][1698924736188][main][info]["RuntimeIPCAgent~started: Success"]
[6630][1698924736313][main][info]["Main~getRemoteInitPath:: "]
[6630][1698924736492][main][info]["UpdateHandler~app-update-events - Received event",{"name":"checkForElectronVersionUpdated","namespace":"appUpdate"}]
[6630][1698924736502][main][info]["windowManager: First requester booted successfully."]
[6630][1698924736503][main][info]["windowManager~restoreWindows: Restoring requester windows"]
[6630][1698924736503][main][info]["Main~AppEvents - Received booted event for process requester.Version 10.19.7 UI Version: 10.19.7-ui-231020-0706 Desktop Platform Version: 10.19.7"]
[6630][1698924736585][main][info]["Main~getRemoteInitPath:: "]
[6630][1698924736901][main][info]["INTERCEPTOR CONNECTIVITY: Attempting to start websocket server on port 15611"]
[6630][1698924737028][main][info]["Main~getPlatformLaunchPerfMetrics"]
[6630][1698924737716][main][info]["Main - model-events~user - (user, bootstrapUser) received"]
[6630][1698924737717][main][info]["model-events~user - bootstrapUser received"]
[6630][1698924737728][main][info]["userPartitionService~associateTransitPartition: ",{"partitionId":"9cb5c7d0-2632-4d85-8996-58712e395702","context":{"namespace":"users","userId":"30694862","teamId":"0"}}]
[6630][1698924737740][main][info]["userPartitionService: State of v8 partition system:"]
[6630][1698924737743][main][info]["userPartitionService: List of partitions:",[{"partitionId":"9cb5c7d0-2632-4d85-8996-58712e395702","namespace":"users","userId":"30694862","teamId":"0","lastUpdated":"2023-11-02T11:32:17.728Z"},{"partitionId":"f5fcac10-e4cc-4737-bee6-d9f7a7e77e5c","namespace":"scratchPad","userId":0,"teamId":0,"isDirty":false}]]
[6630][1698924737743][main][info]["userPartitionService: users global meta:",{}]
[6630][1698924740434][main][info]["WindowManager~closeHandler - Closed Window (id: 1 )"]
[6630][1698924740438][main][error]["Main~handleUncaughtError - Uncaught errors",{"name":"TypeError","message":"Cannot read properties of undefined (reading 'send')","stack":"TypeError: Cannot read properties of undefined (reading 'send')\n    at Object.sendMessageToInterceptor (/home/dolphin/Postman/app/resources/app/services/websocketServer.js:144:10)\n    at Object.requesterWindowHandler (/home/dolphin/Postman/app/resources/app/services/websocketServer.js:389:14)\n    at EventEmitter.emit (node:events:402:35)\n    at EventEmitter.emit (node:domain:475:12)\n    at _dispatch (/home/dolphin/Postman/app/resources/app/common/_event-bus.js:256:14)\n    at EventBus._publish (/home/dolphin/Postman/app/resources/app/common/_event-bus.js:207:9)\n    at Object.closedHandler (/home/dolphin/Postman/app/resources/app/services/windowManager.js:1072:18)\n    at BrowserWindow.emit (node:events:390:28)\n    at BrowserWindow.emit (node:domain:475:12)"}]
[7057][1698924881210][main][info]["Booting Postman 10.19.7, linux-6.5.0-3-amd64 on x64"]
[7057][1698924881212][main][info]["EventBus~initialize - Success"]
[7057][1698924881214][main][info]["Proxy configuration has not been setup"]
[7057][1698924881214][main][info]["CloudProxyManager~init - Success"]
[7057][1698924881227][main][info]["performShellDataMigration: Migration has already been done. Bailing out"]
[7057][1698924881232][main][info]["UpdateHandler~init - Success"]
[7057][1698924881233][main][info]["LeaderSelection: Initialized successfully"]
[7057][1698924881234][main][info]["VersionDependencyService: Initialized successfully"]
[7057][1698924881238][main][info]["LinuxAutoUpdater~Cleanup - Initial cleanup successful"]
[7057][1698924882173][main][info]["GPU detected VID 4098 DID 5688 ACTIVE true"]
[7057][1698924882174][main][info]["GPU detected VID 4098 DID 29695 ACTIVE false"]
[7057][1698924882194][main][info]["shellController~init: Success"]
[7057][1698924882201][main][info]["shellMeta~init: Success"]
[7057][1698924882201][main][info]["partitionMigrationService: State of V7 partition:"]
[7057][1698924882201][main][info]["partitionMigrationService: V7 partitions",[]]
[7057][1698924882202][main][info]["partitionMigrationService~rectifyNamespaceOfScratchPadPartition: There is no partition with scratchpad namespace"]
[7057][1698924882202][main][info]["partitionMigrationService~rectifyNamespaceOfScratchPadPartition: There is no transit partition which could have been used for scratchpad"]
[7057][1698924882202][main][info]["partitionMigrationService~init: Success"]
[7057][1698924882209][main][info]["partitionMigrationService~runV8PartitionsIntegrity: Two way migration~ removing the following partitions from v8",[]]
[7057][1698924882213][main][info]["userPartitionService~getRecentV8UserPartition: recent v8 user context partition ","9cb5c7d0-2632-4d85-8996-58712e395702"]
[7057][1698924882213][main][info]["userPartitionService~_rectifyTheActivePartitionOfApplication: Setting the active partition to ","9cb5c7d0-2632-4d85-8996-58712e395702"]
[7057][1698924882218][main][info]["userPartitionService~init: Success"]
[7057][1698924882227][main][info]["userPartitionService: State of v8 partition system:"]
[7057][1698924882228][main][info]["shell~init~getPartitionToLoad: loading active partition"]
[7057][1698924882229][main][info]["userPartitionService: List of partitions:",[{"partitionId":"9cb5c7d0-2632-4d85-8996-58712e395702","namespace":"users","userId":"30694862","teamId":"0","lastUpdated":"2023-11-02T11:32:17.728Z"},{"partitionId":"f5fcac10-e4cc-4737-bee6-d9f7a7e77e5c","namespace":"scratchPad","userId":0,"teamId":0,"isDirty":false}]]
[7057][1698924882230][main][info]["userPartitionService: users global meta:",{}]
[7057][1698924883984][main][info]["RuntimeIPCAgent~started: Success"]
[7057][1698924884111][main][info]["Main~getRemoteInitPath:: "]
[7057][1698924884296][main][info]["UpdateHandler~app-update-events - Received event",{"name":"checkForElectronVersionUpdated","namespace":"appUpdate"}]
[7057][1698924884306][main][info]["windowManager: First requester booted successfully."]
[7057][1698924884306][main][info]["windowManager~restoreWindows: Restoring requester windows"]
[7057][1698924884306][main][info]["Main~AppEvents - Received booted event for process requester.Version 10.19.14 UI Version: 10.19.14-ui-231031-0841 Desktop Platform Version: 10.19.7"]
[7057][1698924884380][main][info]["Main~getRemoteInitPath:: "]
[7057][1698924884683][main][info]["INTERCEPTOR CONNECTIVITY: Attempting to start websocket server on port 15611"]
[7057][1698924884808][main][info]["Main~getPlatformLaunchPerfMetrics"]
[7057][1698924885471][main][info]["Main - model-events~user - (user, bootstrapUser) received"]
[7057][1698924885471][main][info]["model-events~user - bootstrapUser received"]
[7057][1698924885482][main][info]["userPartitionService~associateTransitPartition: ",{"partitionId":"9cb5c7d0-2632-4d85-8996-58712e395702","context":{"namespace":"users","userId":"30694862","teamId":"0"}}]
[7057][1698924885497][main][info]["userPartitionService: State of v8 partition system:"]
[7057][1698924885500][main][info]["userPartitionService: List of partitions:",[{"partitionId":"9cb5c7d0-2632-4d85-8996-58712e395702","namespace":"users","userId":"30694862","teamId":"0","lastUpdated":"2023-11-02T11:34:45.482Z"},{"partitionId":"f5fcac10-e4cc-4737-bee6-d9f7a7e77e5c","namespace":"scratchPad","userId":0,"teamId":0,"isDirty":false}]]
[7057][1698924885500][main][info]["userPartitionService: users global meta:",{}]
[7057][1698924893589][main][info]["WindowManager~closeHandler - Closed Window (id: 1 )"]
[7057][1698924893593][main][error]["Main~handleUncaughtError - Uncaught errors",{"name":"TypeError","message":"Cannot read properties of undefined (reading 'send')","stack":"TypeError: Cannot read properties of undefined (reading 'send')\n    at Object.sendMessageToInterceptor (/home/dolphin/Postman/app/resources/app/services/websocketServer.js:144:10)\n    at Object.requesterWindowHandler (/home/dolphin/Postman/app/resources/app/services/websocketServer.js:389:14)\n    at EventEmitter.emit (node:events:402:35)\n    at EventEmitter.emit (node:domain:475:12)\n    at _dispatch (/home/dolphin/Postman/app/resources/app/common/_event-bus.js:256:14)\n    at EventBus._publish (/home/dolphin/Postman/app/resources/app/common/_event-bus.js:207:9)\n    at Object.closedHandler (/home/dolphin/Postman/app/resources/app/services/windowManager.js:1072:18)\n    at BrowserWindow.emit (node:events:390:28)\n    at BrowserWindow.emit (node:domain:475:12)"}]
[34230][1699721014533][main][info]["Booting Postman 10.19.7, linux-6.5.0-3-amd64 on x64"]
[34230][1699721014535][main][info]["EventBus~initialize - Success"]
[34230][1699721014536][main][info]["Proxy configuration has not been setup"]
[34230][1699721014537][main][info]["CloudProxyManager~init - Success"]
[34230][1699721014556][main][info]["performShellDataMigration: Migration has already been done. Bailing out"]
[34230][1699721014562][main][info]["UpdateHandler~init - Success"]
[34230][1699721014564][main][info]["LeaderSelection: Initialized successfully"]
[34230][1699721014565][main][info]["VersionDependencyService: Initialized successfully"]
[34230][1699721014570][main][info]["LinuxAutoUpdater~Cleanup - Initial cleanup successful"]
[34230][1699721014578][main][info]["GPU detected VID 4098 DID 5688 ACTIVE true"]
[34230][1699721014578][main][info]["GPU detected VID 4098 DID 29695 ACTIVE false"]
[34230][1699721014593][main][info]["shellController~init: Success"]
[34230][1699721014603][main][info]["shellMeta~init: Success"]
[34230][1699721014603][main][info]["partitionMigrationService: State of V7 partition:"]
[34230][1699721014603][main][info]["partitionMigrationService: V7 partitions",[]]
[34230][1699721014603][main][info]["partitionMigrationService~rectifyNamespaceOfScratchPadPartition: There is no partition with scratchpad namespace"]
[34230][1699721014604][main][info]["partitionMigrationService~rectifyNamespaceOfScratchPadPartition: There is no transit partition which could have been used for scratchpad"]
[34230][1699721014604][main][info]["partitionMigrationService~init: Success"]
[34230][1699721014611][main][info]["partitionMigrationService~runV8PartitionsIntegrity: Two way migration~ removing the following partitions from v8",[]]
[34230][1699721014614][main][info]["userPartitionService~getRecentV8UserPartition: recent v8 user context partition ","9cb5c7d0-2632-4d85-8996-58712e395702"]
[34230][1699721014615][main][info]["userPartitionService~_rectifyTheActivePartitionOfApplication: Setting the active partition to ","9cb5c7d0-2632-4d85-8996-58712e395702"]
[34230][1699721014619][main][info]["userPartitionService~init: Success"]
[34230][1699721014630][main][info]["userPartitionService: State of v8 partition system:"]
[34230][1699721014632][main][info]["shell~init~getPartitionToLoad: loading active partition"]
[34230][1699721014633][main][info]["userPartitionService: List of partitions:",[{"partitionId":"9cb5c7d0-2632-4d85-8996-58712e395702","namespace":"users","userId":"30694862","teamId":"0","lastUpdated":"2023-11-02T11:34:45.482Z"},{"partitionId":"f5fcac10-e4cc-4737-bee6-d9f7a7e77e5c","namespace":"scratchPad","userId":0,"teamId":0,"isDirty":false}]]
[34230][1699721014633][main][info]["userPartitionService: users global meta:",{}]
[34230][1699721016737][main][info]["RuntimeIPCAgent~started: Success"]
[34230][1699721016883][main][info]["Main~getRemoteInitPath:: "]
[34230][1699721017072][main][info]["UpdateHandler~app-update-events - Received event",{"name":"checkForElectronVersionUpdated","namespace":"appUpdate"}]
[34230][1699721017083][main][info]["windowManager: First requester booted successfully."]
[34230][1699721017083][main][info]["windowManager~restoreWindows: Restoring requester windows"]
[34230][1699721017083][main][info]["Main~AppEvents - Received booted event for process requester.Version 10.19.14 UI Version: 10.19.14-ui-231031-0841 Desktop Platform Version: 10.19.7"]
[34230][1699721017165][main][info]["Main~getRemoteInitPath:: "]
[34230][1699721017568][main][info]["INTERCEPTOR CONNECTIVITY: Attempting to start websocket server on port 15611"]
[34230][1699721017772][main][info]["Main~getPlatformLaunchPerfMetrics"]
[34230][1699721018365][main][info]["Main - model-events~user - (user, bootstrapUser) received"]
[34230][1699721018365][main][info]["model-events~user - bootstrapUser received"]
[34230][1699721018374][main][info]["userPartitionService~associateTransitPartition: ",{"partitionId":"9cb5c7d0-2632-4d85-8996-58712e395702","context":{"namespace":"users","userId":"30694862","teamId":"0"}}]
[34230][1699721018387][main][info]["userPartitionService: State of v8 partition system:"]
[34230][1699721018390][main][info]["userPartitionService: List of partitions:",[{"partitionId":"9cb5c7d0-2632-4d85-8996-58712e395702","namespace":"users","userId":"30694862","teamId":"0","lastUpdated":"2023-11-11T16:43:38.374Z"},{"partitionId":"f5fcac10-e4cc-4737-bee6-d9f7a7e77e5c","namespace":"scratchPad","userId":0,"teamId":0,"isDirty":false}]]
[34230][1699721018390][main][info]["userPartitionService: users global meta:",{}]
[34230][1699721027596][main][info]["UpdateHandler~app-update-events - Received event",{"name":"updateElectron","namespace":"appUpdate","data":{"channel":"stable","version":"10.19.7","downloadVersion":"10.20.0","appId":"b7146558-d2b5-43cf-9ebf-35eb99de0129","userAgent":"Mozilla/5.0 (X11; Linux x86_64) AppleWebKit/537.36 (KHTML, like Gecko) Postman/10.19.7 Chrome/100.0.4896.160 Electron/18.3.5 Safari/537.36","platform":"LINUX","arch":"64","downloadURL":"https://dl.pstmn.io/download/version/10.20.0/linux_64","updateServerDomain":"https://dl.pstmn.io/","additionalParamsString":"installationId=b7146558-d2b5-43cf-9ebf-35eb99de0129&userId=30694862&syncEnabled=true&teamPlan=&teamId=0","userId":"30694862"}}]
[34230][1699721027597][main][info]["LinuxUpdater~downloadUpdate - UpdateInfo received",{"channel":"stable","version":"10.19.7","downloadVersion":"10.20.0","appId":"b7146558-d2b5-43cf-9ebf-35eb99de0129","userAgent":"Mozilla/5.0 (X11; Linux x86_64) AppleWebKit/537.36 (KHTML, like Gecko) Postman/10.19.7 Chrome/100.0.4896.160 Electron/18.3.5 Safari/537.36","platform":"LINUX","arch":"64","downloadURL":"https://dl.pstmn.io/download/version/10.20.0/linux_64","updateServerDomain":"https://dl.pstmn.io/","additionalParamsString":"installationId=b7146558-d2b5-43cf-9ebf-35eb99de0129&userId=30694862&syncEnabled=true&teamPlan=&teamId=0","userId":"30694862"}]
[34230][1699721036396][main][info]["LinuxAutoUpdater~Extraction completed",{"packageName":"Postman","eID":"Postman-1699721027597","downloadURL":"https://dl.pstmn.io/download/version/10.20.0/linux_64","downloadDirectory":"/home/dolphin/Postman","downloadInfo":{"status":"DOWNLOAD_COMPLETED","error":null,"downloadDirectory":"/home/dolphin/Postman"},"extractInfo":{"status":"EXTRACTION_SUCCESSFUL","error":null,"extractDirectory":"/home/dolphin/Postman","standardOutput":"","standardError":""}}]
[34230][1699721036397][main][info]["@postman/app-updater: Update updateDownloaded","","Postman 10.20.0","","https://dl.pstmn.io/download/version/10.20.0/linux_64"]
[34230][1699721036397][main][info]["UpdateHandler~app-update-events - Received event",{"name":"electronAppUpdateDownloaded","namespace":"appUpdate","data":{"releaseName":"Postman 10.20.0","notes":"","date":"","URL":"https://dl.pstmn.io/download/version/10.20.0/linux_64"}}]
[34230][1699722813010][main][info]["WindowManager~closeHandler - Closed Window (id: 1 )"]
[34230][1699722813014][main][error]["Main~handleUncaughtError - Uncaught errors",{"name":"TypeError","message":"Cannot read properties of undefined (reading 'send')","stack":"TypeError: Cannot read properties of undefined (reading 'send')\n    at Object.sendMessageToInterceptor (/home/dolphin/Postman/app/resources/app/services/websocketServer.js:144:10)\n    at Object.requesterWindowHandler (/home/dolphin/Postman/app/resources/app/services/websocketServer.js:389:14)\n    at EventEmitter.emit (node:events:402:35)\n    at EventEmitter.emit (node:domain:475:12)\n    at _dispatch (/home/dolphin/Postman/app/resources/app/common/_event-bus.js:256:14)\n    at EventBus._publish (/home/dolphin/Postman/app/resources/app/common/_event-bus.js:207:9)\n    at Object.closedHandler (/home/dolphin/Postman/app/resources/app/services/windowManager.js:1072:18)\n    at BrowserWindow.emit (node:events:390:28)\n    at BrowserWindow.emit (node:domain:475:12)"}]
[13928][1699800554309][main][info]["Booting Postman 10.19.7, linux-6.5.0-4-amd64 on x64"]
[13928][1699800554311][main][info]["EventBus~initialize - Success"]
[13928][1699800554312][main][info]["Proxy configuration has not been setup"]
[13928][1699800554313][main][info]["CloudProxyManager~init - Success"]
[13928][1699800554328][main][info]["performShellDataMigration: Migration has already been done. Bailing out"]
[13928][1699800554333][main][info]["UpdateHandler~init - Success"]
[13928][1699800554335][main][info]["LeaderSelection: Initialized successfully"]
[13928][1699800554335][main][info]["VersionDependencyService: Initialized successfully"]
[13928][1699800554367][main][info]["GPU detected VID 4098 DID 5688 ACTIVE true"]
[13928][1699800554367][main][info]["GPU detected VID 4098 DID 29695 ACTIVE false"]
[13928][1699800555039][main][info]["LinuxAutoUpdater~Cleanup - Initial cleanup successful"]
[13928][1699800555043][main][info]["shellController~init: Success"]
[13928][1699800555046][main][info]["shellMeta~init: Success"]
[13928][1699800555046][main][info]["partitionMigrationService: State of V7 partition:"]
[13928][1699800555046][main][info]["partitionMigrationService: V7 partitions",[]]
[13928][1699800555047][main][info]["partitionMigrationService~rectifyNamespaceOfScratchPadPartition: There is no partition with scratchpad namespace"]
[13928][1699800555047][main][info]["partitionMigrationService~rectifyNamespaceOfScratchPadPartition: There is no transit partition which could have been used for scratchpad"]
[13928][1699800555047][main][info]["partitionMigrationService~init: Success"]
[13928][1699800555058][main][info]["partitionMigrationService~runV8PartitionsIntegrity: Two way migration~ removing the following partitions from v8",[]]
[13928][1699800555061][main][info]["userPartitionService~getRecentV8UserPartition: recent v8 user context partition ","9cb5c7d0-2632-4d85-8996-58712e395702"]
[13928][1699800555062][main][info]["userPartitionService~_rectifyTheActivePartitionOfApplication: Setting the active partition to ","9cb5c7d0-2632-4d85-8996-58712e395702"]
[13928][1699800555067][main][info]["userPartitionService~init: Success"]
[13928][1699800555084][main][info]["userPartitionService: State of v8 partition system:"]
[13928][1699800555085][main][info]["shell~init~getPartitionToLoad: loading active partition"]
[13928][1699800555086][main][info]["userPartitionService: List of partitions:",[{"partitionId":"9cb5c7d0-2632-4d85-8996-58712e395702","namespace":"users","userId":"30694862","teamId":"0","lastUpdated":"2023-11-11T16:43:38.374Z"},{"partitionId":"f5fcac10-e4cc-4737-bee6-d9f7a7e77e5c","namespace":"scratchPad","userId":0,"teamId":0,"isDirty":false}]]
[13928][1699800555087][main][info]["userPartitionService: users global meta:",{}]
[13928][1699800557196][main][info]["RuntimeIPCAgent~started: Success"]
[13928][1699800557336][main][info]["Main~getRemoteInitPath:: "]
[13928][1699800557519][main][info]["UpdateHandler~app-update-events - Received event",{"name":"checkForElectronVersionUpdated","namespace":"appUpdate"}]
[13928][1699800557529][main][info]["windowManager: First requester booted successfully."]
[13928][1699800557529][main][info]["windowManager~restoreWindows: Restoring requester windows"]
[13928][1699800557530][main][info]["Main~AppEvents - Received booted event for process requester.Version 10.19.17 UI Version: 10.19.17-ui-231106-0450 Desktop Platform Version: 10.19.7"]
[13928][1699800557611][main][info]["Main~getRemoteInitPath:: "]
[13928][1699800557998][main][info]["INTERCEPTOR CONNECTIVITY: Attempting to start websocket server on port 15611"]
[13928][1699800558113][main][info]["Main~getPlatformLaunchPerfMetrics"]
[13928][1699800558790][main][info]["Main - model-events~user - (user, bootstrapUser) received"]
[13928][1699800558791][main][info]["model-events~user - bootstrapUser received"]
[13928][1699800558817][main][info]["userPartitionService~associateTransitPartition: ",{"partitionId":"9cb5c7d0-2632-4d85-8996-58712e395702","context":{"namespace":"users","userId":"30694862","teamId":"0"}}]
[13928][1699800558831][main][info]["userPartitionService: State of v8 partition system:"]
[13928][1699800558834][main][info]["userPartitionService: List of partitions:",[{"partitionId":"9cb5c7d0-2632-4d85-8996-58712e395702","namespace":"users","userId":"30694862","teamId":"0","lastUpdated":"2023-11-12T14:49:18.817Z"},{"partitionId":"f5fcac10-e4cc-4737-bee6-d9f7a7e77e5c","namespace":"scratchPad","userId":0,"teamId":0,"isDirty":false}]]
[13928][1699800558834][main][info]["userPartitionService: users global meta:",{}]
[13928][1699800568126][main][info]["UpdateHandler~app-update-events - Received event",{"name":"updateElectron","namespace":"appUpdate","data":{"channel":"stable","version":"10.19.7","downloadVersion":"10.20.0","appId":"b7146558-d2b5-43cf-9ebf-35eb99de0129","userAgent":"Mozilla/5.0 (X11; Linux x86_64) AppleWebKit/537.36 (KHTML, like Gecko) Postman/10.19.7 Chrome/100.0.4896.160 Electron/18.3.5 Safari/537.36","platform":"LINUX","arch":"64","downloadURL":"https://dl.pstmn.io/download/version/10.20.0/linux_64","updateServerDomain":"https://dl.pstmn.io/","additionalParamsString":"installationId=b7146558-d2b5-43cf-9ebf-35eb99de0129&userId=30694862&syncEnabled=true&teamPlan=&teamId=0","userId":"30694862"}}]
[13928][1699800568126][main][info]["LinuxUpdater~downloadUpdate - UpdateInfo received",{"channel":"stable","version":"10.19.7","downloadVersion":"10.20.0","appId":"b7146558-d2b5-43cf-9ebf-35eb99de0129","userAgent":"Mozilla/5.0 (X11; Linux x86_64) AppleWebKit/537.36 (KHTML, like Gecko) Postman/10.19.7 Chrome/100.0.4896.160 Electron/18.3.5 Safari/537.36","platform":"LINUX","arch":"64","downloadURL":"https://dl.pstmn.io/download/version/10.20.0/linux_64","updateServerDomain":"https://dl.pstmn.io/","additionalParamsString":"installationId=b7146558-d2b5-43cf-9ebf-35eb99de0129&userId=30694862&syncEnabled=true&teamPlan=&teamId=0","userId":"30694862"}]
[13928][1699800578090][main][info]["LinuxAutoUpdater~Extraction completed",{"packageName":"Postman","eID":"Postman-1699800568126","downloadURL":"https://dl.pstmn.io/download/version/10.20.0/linux_64","downloadDirectory":"/home/dolphin/Postman","downloadInfo":{"status":"DOWNLOAD_COMPLETED","error":null,"downloadDirectory":"/home/dolphin/Postman"},"extractInfo":{"status":"EXTRACTION_SUCCESSFUL","error":null,"extractDirectory":"/home/dolphin/Postman","standardOutput":"","standardError":""}}]
[13928][1699800578090][main][info]["@postman/app-updater: Update updateDownloaded","","Postman 10.20.0","","https://dl.pstmn.io/download/version/10.20.0/linux_64"]
[13928][1699800578091][main][info]["UpdateHandler~app-update-events - Received event",{"name":"electronAppUpdateDownloaded","namespace":"appUpdate","data":{"releaseName":"Postman 10.20.0","notes":"","date":"","URL":"https://dl.pstmn.io/download/version/10.20.0/linux_64"}}]
[13928][1699810974925][main][info]["WindowManager~closeHandler - Closed Window (id: 1 )"]
[13928][1699810974929][main][error]["Main~handleUncaughtError - Uncaught errors",{"name":"TypeError","message":"Cannot read properties of undefined (reading 'send')","stack":"TypeError: Cannot read properties of undefined (reading 'send')\n    at Object.sendMessageToInterceptor (/home/dolphin/Postman/app/resources/app/services/websocketServer.js:144:10)\n    at Object.requesterWindowHandler (/home/dolphin/Postman/app/resources/app/services/websocketServer.js:389:14)\n    at EventEmitter.emit (node:events:402:35)\n    at EventEmitter.emit (node:domain:475:12)\n    at _dispatch (/home/dolphin/Postman/app/resources/app/common/_event-bus.js:256:14)\n    at EventBus._publish (/home/dolphin/Postman/app/resources/app/common/_event-bus.js:207:9)\n    at Object.closedHandler (/home/dolphin/Postman/app/resources/app/services/windowManager.js:1072:18)\n    at BrowserWindow.emit (node:events:390:28)\n    at BrowserWindow.emit (node:domain:475:12)"}]
[5817][1699825754210][main][info]["Booting Postman 10.19.7, linux-6.5.0-4-amd64 on x64"]
[5817][1699825754212][main][info]["EventBus~initialize - Success"]
[5817][1699825754213][main][info]["Proxy configuration has not been setup"]
[5817][1699825754214][main][info]["CloudProxyManager~init - Success"]
[5817][1699825754227][main][info]["performShellDataMigration: Migration has already been done. Bailing out"]
[5817][1699825754232][main][info]["UpdateHandler~init - Success"]
[5817][1699825754233][main][info]["LeaderSelection: Initialized successfully"]
[5817][1699825754234][main][info]["VersionDependencyService: Initialized successfully"]
[5817][1699825755169][main][info]["GPU detected VID 4098 DID 5688 ACTIVE true"]
[5817][1699825755170][main][info]["GPU detected VID 4098 DID 29695 ACTIVE false"]
[5817][1699825755918][main][info]["LinuxAutoUpdater~Cleanup - Initial cleanup successful"]
[5817][1699825755926][main][info]["shellController~init: Success"]
[5817][1699825755933][main][info]["shellMeta~init: Success"]
[5817][1699825755934][main][info]["partitionMigrationService: State of V7 partition:"]
[5817][1699825755934][main][info]["partitionMigrationService: V7 partitions",[]]
[5817][1699825755934][main][info]["partitionMigrationService~rectifyNamespaceOfScratchPadPartition: There is no partition with scratchpad namespace"]
[5817][1699825755934][main][info]["partitionMigrationService~rectifyNamespaceOfScratchPadPartition: There is no transit partition which could have been used for scratchpad"]
[5817][1699825755934][main][info]["partitionMigrationService~init: Success"]
[5817][1699825755943][main][info]["partitionMigrationService~runV8PartitionsIntegrity: Two way migration~ removing the following partitions from v8",[]]
[5817][1699825755947][main][info]["userPartitionService~getRecentV8UserPartition: recent v8 user context partition ","9cb5c7d0-2632-4d85-8996-58712e395702"]
[5817][1699825755947][main][info]["userPartitionService~_rectifyTheActivePartitionOfApplication: Setting the active partition to ","9cb5c7d0-2632-4d85-8996-58712e395702"]
[5817][1699825755952][main][info]["userPartitionService~init: Success"]
[5817][1699825755962][main][info]["userPartitionService: State of v8 partition system:"]
[5817][1699825755964][main][info]["shell~init~getPartitionToLoad: loading active partition"]
[5817][1699825755965][main][info]["userPartitionService: List of partitions:",[{"partitionId":"9cb5c7d0-2632-4d85-8996-58712e395702","namespace":"users","userId":"30694862","teamId":"0","lastUpdated":"2023-11-12T14:49:18.817Z"},{"partitionId":"f5fcac10-e4cc-4737-bee6-d9f7a7e77e5c","namespace":"scratchPad","userId":0,"teamId":0,"isDirty":false}]]
[5817][1699825755965][main][info]["userPartitionService: users global meta:",{}]
[5817][1699825758066][main][info]["RuntimeIPCAgent~started: Success"]
[5817][1699825758190][main][info]["Main~getRemoteInitPath:: "]
[5817][1699825758363][main][info]["UpdateHandler~app-update-events - Received event",{"name":"checkForElectronVersionUpdated","namespace":"appUpdate"}]
[5817][1699825758374][main][info]["windowManager: First requester booted successfully."]
[5817][1699825758374][main][info]["windowManager~restoreWindows: Restoring requester windows"]
[5817][1699825758374][main][info]["Main~AppEvents - Received booted event for process requester.Version 10.19.17 UI Version: 10.19.17-ui-231106-0450 Desktop Platform Version: 10.19.7"]
[5817][1699825758452][main][info]["Main~getRemoteInitPath:: "]
[5817][1699825758929][main][info]["Main~getPlatformLaunchPerfMetrics"]
[5817][1699825759181][main][info]["INTERCEPTOR CONNECTIVITY: Attempting to start websocket server on port 15611"]
[5817][1699825759662][main][info]["Main - model-events~user - (user, bootstrapUser) received"]
[5817][1699825759662][main][info]["model-events~user - bootstrapUser received"]
[5817][1699825759670][main][info]["userPartitionService~associateTransitPartition: ",{"partitionId":"9cb5c7d0-2632-4d85-8996-58712e395702","context":{"namespace":"users","userId":"30694862","teamId":"0"}}]
[5817][1699825759681][main][info]["userPartitionService: State of v8 partition system:"]
[5817][1699825759683][main][info]["userPartitionService: List of partitions:",[{"partitionId":"9cb5c7d0-2632-4d85-8996-58712e395702","namespace":"users","userId":"30694862","teamId":"0","lastUpdated":"2023-11-12T21:49:19.670Z"},{"partitionId":"f5fcac10-e4cc-4737-bee6-d9f7a7e77e5c","namespace":"scratchPad","userId":0,"teamId":0,"isDirty":false}]]
[5817][1699825759683][main][info]["userPartitionService: users global meta:",{}]
[5817][1699825769661][main][info]["UpdateHandler~app-update-events - Received event",{"name":"updateElectron","namespace":"appUpdate","data":{"channel":"stable","version":"10.19.7","downloadVersion":"10.20.0","appId":"b7146558-d2b5-43cf-9ebf-35eb99de0129","userAgent":"Mozilla/5.0 (X11; Linux x86_64) AppleWebKit/537.36 (KHTML, like Gecko) Postman/10.19.7 Chrome/100.0.4896.160 Electron/18.3.5 Safari/537.36","platform":"LINUX","arch":"64","downloadURL":"https://dl.pstmn.io/download/version/10.20.0/linux_64","updateServerDomain":"https://dl.pstmn.io/","additionalParamsString":"installationId=b7146558-d2b5-43cf-9ebf-35eb99de0129&userId=30694862&syncEnabled=true&teamPlan=&teamId=0","userId":"30694862"}}]
[5817][1699825769662][main][info]["LinuxUpdater~downloadUpdate - UpdateInfo received",{"channel":"stable","version":"10.19.7","downloadVersion":"10.20.0","appId":"b7146558-d2b5-43cf-9ebf-35eb99de0129","userAgent":"Mozilla/5.0 (X11; Linux x86_64) AppleWebKit/537.36 (KHTML, like Gecko) Postman/10.19.7 Chrome/100.0.4896.160 Electron/18.3.5 Safari/537.36","platform":"LINUX","arch":"64","downloadURL":"https://dl.pstmn.io/download/version/10.20.0/linux_64","updateServerDomain":"https://dl.pstmn.io/","additionalParamsString":"installationId=b7146558-d2b5-43cf-9ebf-35eb99de0129&userId=30694862&syncEnabled=true&teamPlan=&teamId=0","userId":"30694862"}]
[5817][1699825778700][main][info]["LinuxAutoUpdater~Extraction completed",{"packageName":"Postman","eID":"Postman-1699825769662","downloadURL":"https://dl.pstmn.io/download/version/10.20.0/linux_64","downloadDirectory":"/home/dolphin/Postman","downloadInfo":{"status":"DOWNLOAD_COMPLETED","error":null,"downloadDirectory":"/home/dolphin/Postman"},"extractInfo":{"status":"EXTRACTION_SUCCESSFUL","error":null,"extractDirectory":"/home/dolphin/Postman","standardOutput":"","standardError":""}}]
[5817][1699825778701][main][info]["@postman/app-updater: Update updateDownloaded","","Postman 10.20.0","","https://dl.pstmn.io/download/version/10.20.0/linux_64"]
[5817][1699825778701][main][info]["UpdateHandler~app-update-events - Received event",{"name":"electronAppUpdateDownloaded","namespace":"appUpdate","data":{"releaseName":"Postman 10.20.0","notes":"","date":"","URL":"https://dl.pstmn.io/download/version/10.20.0/linux_64"}}]
[5817][1699835793831][main][info]["WindowManager~closeHandler - Closed Window (id: 1 )"]
[5817][1699835793835][main][error]["Main~handleUncaughtError - Uncaught errors",{"name":"TypeError","message":"Cannot read properties of undefined (reading 'send')","stack":"TypeError: Cannot read properties of undefined (reading 'send')\n    at Object.sendMessageToInterceptor (/home/dolphin/Postman/app/resources/app/services/websocketServer.js:144:10)\n    at Object.requesterWindowHandler (/home/dolphin/Postman/app/resources/app/services/websocketServer.js:389:14)\n    at EventEmitter.emit (node:events:402:35)\n    at EventEmitter.emit (node:domain:475:12)\n    at _dispatch (/home/dolphin/Postman/app/resources/app/common/_event-bus.js:256:14)\n    at EventBus._publish (/home/dolphin/Postman/app/resources/app/common/_event-bus.js:207:9)\n    at Object.closedHandler (/home/dolphin/Postman/app/resources/app/services/windowManager.js:1072:18)\n    at BrowserWindow.emit (node:events:390:28)\n    at BrowserWindow.emit (node:domain:475:12)"}]
[5755][1699894193259][main][info]["Booting Postman 10.19.7, linux-6.5.0-4-amd64 on x64"]
[5755][1699894193261][main][info]["EventBus~initialize - Success"]
[5755][1699894193264][main][info]["Proxy configuration has not been setup"]
[5755][1699894193264][main][info]["CloudProxyManager~init - Success"]
[5755][1699894193281][main][info]["performShellDataMigration: Migration has already been done. Bailing out"]
[5755][1699894193286][main][info]["UpdateHandler~init - Success"]
[5755][1699894193288][main][info]["LeaderSelection: Initialized successfully"]
[5755][1699894193288][main][info]["VersionDependencyService: Initialized successfully"]
[5755][1699894194206][main][info]["GPU detected VID 4098 DID 5688 ACTIVE true"]
[5755][1699894194207][main][info]["GPU detected VID 4098 DID 29695 ACTIVE false"]
[5755][1699894194996][main][info]["LinuxAutoUpdater~Cleanup - Initial cleanup successful"]
[5755][1699894194998][main][info]["shellController~init: Success"]
[5755][1699894195007][main][info]["shellMeta~init: Success"]
[5755][1699894195007][main][info]["partitionMigrationService: State of V7 partition:"]
[5755][1699894195007][main][info]["partitionMigrationService: V7 partitions",[]]
[5755][1699894195008][main][info]["partitionMigrationService~rectifyNamespaceOfScratchPadPartition: There is no partition with scratchpad namespace"]
[5755][1699894195008][main][info]["partitionMigrationService~rectifyNamespaceOfScratchPadPartition: There is no transit partition which could have been used for scratchpad"]
[5755][1699894195008][main][info]["partitionMigrationService~init: Success"]
[5755][1699894195018][main][info]["partitionMigrationService~runV8PartitionsIntegrity: Two way migration~ removing the following partitions from v8",[]]
[5755][1699894195022][main][info]["userPartitionService~getRecentV8UserPartition: recent v8 user context partition ","9cb5c7d0-2632-4d85-8996-58712e395702"]
[5755][1699894195022][main][info]["userPartitionService~_rectifyTheActivePartitionOfApplication: Setting the active partition to ","9cb5c7d0-2632-4d85-8996-58712e395702"]
[5755][1699894195028][main][info]["userPartitionService~init: Success"]
[5755][1699894195039][main][info]["userPartitionService: State of v8 partition system:"]
[5755][1699894195041][main][info]["shell~init~getPartitionToLoad: loading active partition"]
[5755][1699894195043][main][info]["userPartitionService: List of partitions:",[{"partitionId":"9cb5c7d0-2632-4d85-8996-58712e395702","namespace":"users","userId":"30694862","teamId":"0","lastUpdated":"2023-11-12T21:49:19.670Z"},{"partitionId":"f5fcac10-e4cc-4737-bee6-d9f7a7e77e5c","namespace":"scratchPad","userId":0,"teamId":0,"isDirty":false}]]
[5755][1699894195043][main][info]["userPartitionService: users global meta:",{}]
[5755][1699894197069][main][info]["RuntimeIPCAgent~started: Success"]
[5755][1699894197207][main][info]["Main~getRemoteInitPath:: "]
[5755][1699894197389][main][info]["UpdateHandler~app-update-events - Received event",{"name":"checkForElectronVersionUpdated","namespace":"appUpdate"}]
[5755][1699894197400][main][info]["windowManager: First requester booted successfully."]
[5755][1699894197401][main][info]["windowManager~restoreWindows: Restoring requester windows"]
[5755][1699894197401][main][info]["Main~AppEvents - Received booted event for process requester.Version 10.19.17 UI Version: 10.19.17-ui-231106-0450 Desktop Platform Version: 10.19.7"]
[5755][1699894197483][main][info]["Main~getRemoteInitPath:: "]
[5755][1699894197953][main][info]["Main~getPlatformLaunchPerfMetrics"]
[5755][1699894198185][main][info]["INTERCEPTOR CONNECTIVITY: Attempting to start websocket server on port 15611"]
[5755][1699894198700][main][info]["Main - model-events~user - (user, bootstrapUser) received"]
[5755][1699894198700][main][info]["model-events~user - bootstrapUser received"]
[5755][1699894198712][main][info]["userPartitionService~associateTransitPartition: ",{"partitionId":"9cb5c7d0-2632-4d85-8996-58712e395702","context":{"namespace":"users","userId":"30694862","teamId":"0"}}]
[5755][1699894198725][main][info]["userPartitionService: State of v8 partition system:"]
[5755][1699894198727][main][info]["userPartitionService: List of partitions:",[{"partitionId":"9cb5c7d0-2632-4d85-8996-58712e395702","namespace":"users","userId":"30694862","teamId":"0","lastUpdated":"2023-11-13T16:49:58.712Z"},{"partitionId":"f5fcac10-e4cc-4737-bee6-d9f7a7e77e5c","namespace":"scratchPad","userId":0,"teamId":0,"isDirty":false}]]
[5755][1699894198728][main][info]["userPartitionService: users global meta:",{}]
[5755][1699894207995][main][info]["UpdateHandler~app-update-events - Received event",{"name":"updateElectron","namespace":"appUpdate","data":{"channel":"stable","version":"10.19.7","downloadVersion":"10.20.0","appId":"b7146558-d2b5-43cf-9ebf-35eb99de0129","userAgent":"Mozilla/5.0 (X11; Linux x86_64) AppleWebKit/537.36 (KHTML, like Gecko) Postman/10.19.7 Chrome/100.0.4896.160 Electron/18.3.5 Safari/537.36","platform":"LINUX","arch":"64","downloadURL":"https://dl.pstmn.io/download/version/10.20.0/linux_64","updateServerDomain":"https://dl.pstmn.io/","additionalParamsString":"installationId=b7146558-d2b5-43cf-9ebf-35eb99de0129&userId=30694862&syncEnabled=true&teamPlan=&teamId=0","userId":"30694862"}}]
[5755][1699894207996][main][info]["LinuxUpdater~downloadUpdate - UpdateInfo received",{"channel":"stable","version":"10.19.7","downloadVersion":"10.20.0","appId":"b7146558-d2b5-43cf-9ebf-35eb99de0129","userAgent":"Mozilla/5.0 (X11; Linux x86_64) AppleWebKit/537.36 (KHTML, like Gecko) Postman/10.19.7 Chrome/100.0.4896.160 Electron/18.3.5 Safari/537.36","platform":"LINUX","arch":"64","downloadURL":"https://dl.pstmn.io/download/version/10.20.0/linux_64","updateServerDomain":"https://dl.pstmn.io/","additionalParamsString":"installationId=b7146558-d2b5-43cf-9ebf-35eb99de0129&userId=30694862&syncEnabled=true&teamPlan=&teamId=0","userId":"30694862"}]
[5755][1699894221163][main][info]["LinuxAutoUpdater~Extraction completed",{"packageName":"Postman","eID":"Postman-1699894207996","downloadURL":"https://dl.pstmn.io/download/version/10.20.0/linux_64","downloadDirectory":"/home/dolphin/Postman","downloadInfo":{"status":"DOWNLOAD_COMPLETED","error":null,"downloadDirectory":"/home/dolphin/Postman"},"extractInfo":{"status":"EXTRACTION_SUCCESSFUL","error":null,"extractDirectory":"/home/dolphin/Postman","standardOutput":"","standardError":""}}]
[5755][1699894221163][main][info]["@postman/app-updater: Update updateDownloaded","","Postman 10.20.0","","https://dl.pstmn.io/download/version/10.20.0/linux_64"]
[5755][1699894221164][main][info]["UpdateHandler~app-update-events - Received event",{"name":"electronAppUpdateDownloaded","namespace":"appUpdate","data":{"releaseName":"Postman 10.20.0","notes":"","date":"","URL":"https://dl.pstmn.io/download/version/10.20.0/linux_64"}}]
[5755][1699897552060][main][info]["WindowManager~closeHandler - Closed Window (id: 1 )"]
[5755][1699897552065][main][error]["Main~handleUncaughtError - Uncaught errors",{"name":"TypeError","message":"Cannot read properties of undefined (reading 'send')","stack":"TypeError: Cannot read properties of undefined (reading 'send')\n    at Object.sendMessageToInterceptor (/home/dolphin/Postman/app/resources/app/services/websocketServer.js:144:10)\n    at Object.requesterWindowHandler (/home/dolphin/Postman/app/resources/app/services/websocketServer.js:389:14)\n    at EventEmitter.emit (node:events:402:35)\n    at EventEmitter.emit (node:domain:475:12)\n    at _dispatch (/home/dolphin/Postman/app/resources/app/common/_event-bus.js:256:14)\n    at EventBus._publish (/home/dolphin/Postman/app/resources/app/common/_event-bus.js:207:9)\n    at Object.closedHandler (/home/dolphin/Postman/app/resources/app/services/windowManager.js:1072:18)\n    at BrowserWindow.emit (node:events:390:28)\n    at BrowserWindow.emit (node:domain:475:12)"}]
